<?xml version="1.0" encoding="UTF-8"?>
<!-- Generated by org.testng.reporters.JUnitReportReporter -->
<testsuite skipped="0" hostname="WPU5CG01088LWL" name="testNGListener.Logger.OrangeHRM_Logger_Listener" tests="1" failures="0" timestamp="02 Mar 2021 07:56:04 GMT" time="31.403" errors="0">
  <testcase name="LoginToOrangeHRM" time="31.403" classname="testNGListener.Logger.OrangeHRM_Logger_Listener"/>
</testsuite> <!-- testNGListener.Logger.OrangeHRM_Logger_Listener -->
