<?xml version="1.0" encoding="UTF-8"?>
<!-- Generated by org.testng.reporters.JUnitReportReporter -->
<testsuite skipped="0" hostname="WPU5CG01088LWL" name="com.OrangeHRM_1stMarch.UploadFile" tests="1" failures="0" timestamp="02 Mar 2021 08:24:59 GMT" time="30.848" errors="0">
  <testcase name="testUpload" time="30.848" classname="com.OrangeHRM_1stMarch.UploadFile"/>
</testsuite> <!-- com.OrangeHRM_1stMarch.UploadFile -->
