<?xml version="1.0" encoding="UTF-8"?>
<!-- Generated by org.testng.reporters.JUnitReportReporter -->
<testsuite skipped="0" hostname="WPU5CG01088LWL" name="com.SingleExtentReport_Example.DoubleClick" tests="1" failures="0" timestamp="01 Mar 2021 06:39:18 GMT" time="4.215" errors="0">
  <testcase name="LoginDOubleClick" time="4.215" classname="com.SingleExtentReport_Example.DoubleClick"/>
</testsuite> <!-- com.SingleExtentReport_Example.DoubleClick -->
