<?xml version="1.0" encoding="UTF-8"?>
<!-- Generated by org.testng.reporters.JUnitReportReporter -->
<testsuite skipped="0" hostname="WPU5CG01088LWL" name="com.OrangeHRM.HDFC_Login_Trial" tests="1" failures="0" timestamp="03 Mar 2021 06:08:58 GMT" time="6.817" errors="0">
  <testcase name="beforeTest" time="6.817" classname="com.OrangeHRM.HDFC_Login_Trial"/>
</testsuite> <!-- com.OrangeHRM.HDFC_Login_Trial -->
