<?xml version="1.0" encoding="UTF-8"?>
<!-- Generated by org.testng.reporters.JUnitReportReporter -->
<testsuite skipped="0" hostname="WPU5CG01088LWL" name="com.OrangeHRM.Navigate_to_All_Links" tests="1" failures="0" timestamp="25 Feb 2021 04:51:24 GMT" time="62.096" errors="0">
  <testcase name="navigateToAllLinks" time="62.096" classname="com.OrangeHRM.Navigate_to_All_Links"/>
</testsuite> <!-- com.OrangeHRM.Navigate_to_All_Links -->
