<?xml version="1.0" encoding="UTF-8"?>
<!-- Generated by org.testng.reporters.JUnitReportReporter -->
<testsuite skipped="0" hostname="WPU5CG01088LWL" name="com.OrangeHRM.OrangeHRM_Login_HeadlessBrowser" tests="2" failures="0" timestamp="19 Feb 2021 07:56:11 GMT" time="12.222" errors="0">
  <testcase name="Login" time="10.692" classname="com.OrangeHRM.OrangeHRM_Login_HeadlessBrowser"/>
  <testcase name="logOut" time="1.530" classname="com.OrangeHRM.OrangeHRM_Login_HeadlessBrowser"/>
</testsuite> <!-- com.OrangeHRM.OrangeHRM_Login_HeadlessBrowser -->
