<?xml version="1.0" encoding="UTF-8"?>
<!-- Generated by org.testng.reporters.JUnitReportReporter -->
<testsuite skipped="0" hostname="WPU5CG01088LWL" name="com.OrangeHRM.OrangeHRM_Login_GetText_GetTitle_GetCurrentUrl" tests="2" failures="0" timestamp="19 Feb 2021 06:10:09 GMT" time="19.259" errors="0">
  <testcase name="Login" time="7.868" classname="com.OrangeHRM.OrangeHRM_Login_GetText_GetTitle_GetCurrentUrl"/>
  <testcase name="logOut" time="11.391" classname="com.OrangeHRM.OrangeHRM_Login_GetText_GetTitle_GetCurrentUrl"/>
</testsuite> <!-- com.OrangeHRM.OrangeHRM_Login_GetText_GetTitle_GetCurrentUrl -->
