<?xml version="1.0" encoding="UTF-8"?>
<!-- Generated by org.testng.reporters.JUnitReportReporter -->
<testsuite skipped="0" hostname="WPU5CG01088LWL" name="com.OrangeHRM_1stMarch.Robot_To_Upload" tests="1" failures="0" timestamp="02 Mar 2021 08:39:09 GMT" time="43.168" errors="0">
  <testcase name="testUpload" time="43.168" classname="com.OrangeHRM_1stMarch.Robot_To_Upload"/>
</testsuite> <!-- com.OrangeHRM_1stMarch.Robot_To_Upload -->
