<?xml version="1.0" encoding="UTF-8"?>
<!-- Generated by org.testng.reporters.JUnitReportReporter -->
<testsuite skipped="0" hostname="WPU5CG01088LWL" name="com.OrangeHRM_26Feb.Handle_UnexpectedAlert" tests="1" failures="0" timestamp="01 Mar 2021 07:14:57 GMT" time="1.115" errors="0">
  <testcase name="HandleAlert" time="1.115" classname="com.OrangeHRM_26Feb.Handle_UnexpectedAlert"/>
</testsuite> <!-- com.OrangeHRM_26Feb.Handle_UnexpectedAlert -->
