<?xml version="1.0" encoding="UTF-8"?>
<!-- Generated by org.testng.reporters.JUnitReportReporter -->
<testsuite skipped="0" hostname="WPU5CG01088LWL" name="com.OrangeHRM.SSLCertificate_Handling" tests="1" failures="0" timestamp="25 Feb 2021 06:51:33 GMT" time="12.932" errors="0">
  <testcase name="openApplication" time="12.932" classname="com.OrangeHRM.SSLCertificate_Handling"/>
</testsuite> <!-- com.OrangeHRM.SSLCertificate_Handling -->
