<?xml version="1.0" encoding="UTF-8"?>
<!-- Generated by org.testng.reporters.JUnitReportReporter -->
<testsuite skipped="0" hostname="WPU5CG01088LWL" name="com.OrangeHRM_1stMarch.Scroll_to_Page_PixelByPixel" tests="1" failures="0" timestamp="01 Mar 2021 07:46:54 GMT" time="35.376" errors="0">
  <testcase name="ByPage" time="35.376" classname="com.OrangeHRM_1stMarch.Scroll_to_Page_PixelByPixel"/>
</testsuite> <!-- com.OrangeHRM_1stMarch.Scroll_to_Page_PixelByPixel -->
