<?xml version="1.0" encoding="UTF-8"?>
<!-- Generated by org.testng.reporters.JUnitReportReporter -->
<testsuite skipped="0" hostname="WPU5CG01088LWL" name="com.OrangeHRM.OrangeHRM_Login_Xpath_CSS" tests="2" failures="0" timestamp="19 Feb 2021 06:40:23 GMT" time="19.686" errors="0">
  <testcase name="Login" time="8.051" classname="com.OrangeHRM.OrangeHRM_Login_Xpath_CSS"/>
  <testcase name="logOut" time="11.635" classname="com.OrangeHRM.OrangeHRM_Login_Xpath_CSS"/>
</testsuite> <!-- com.OrangeHRM.OrangeHRM_Login_Xpath_CSS -->
