<?xml version="1.0" encoding="UTF-8"?>
<!-- Generated by org.testng.reporters.JUnitReportReporter -->
<testsuite skipped="0" hostname="WPU5CG01088LWL" name="com.OrangeHRM.HDFC_Login_Trial" tests="1" failures="0" timestamp="24 Feb 2021 06:02:31 GMT" time="2.669" errors="0">
  <testcase name="beforeTest" time="2.669" classname="com.OrangeHRM.HDFC_Login_Trial"/>
</testsuite> <!-- com.OrangeHRM.HDFC_Login_Trial -->
