<?xml version="1.0" encoding="UTF-8"?>
<!-- Generated by org.testng.reporters.JUnitReportReporter -->
<testsuite skipped="0" hostname="WPU5CG01088LWL" name="com.Log4j.OrangeHRM_Login_Log4j_Example" tests="1" failures="0" timestamp="02 Mar 2021 07:33:49 GMT" time="31.501" errors="0">
  <testcase name="LoginToOrangeHRM" time="31.501" classname="com.Log4j.OrangeHRM_Login_Log4j_Example"/>
</testsuite> <!-- com.Log4j.OrangeHRM_Login_Log4j_Example -->
