<?xml version="1.0" encoding="UTF-8"?>
<!-- Generated by org.testng.reporters.JUnitReportReporter -->
<testsuite skipped="0" hostname="WPU5CG01088LWL" name="com.OrangeHRM.HttpAuthentication" tests="1" failures="0" timestamp="26 Feb 2021 04:43:31 GMT" time="21.555" errors="0">
  <testcase name="HTTPAuth" time="21.555" classname="com.OrangeHRM.HttpAuthentication"/>
</testsuite> <!-- com.OrangeHRM.HttpAuthentication -->
