<?xml version="1.0" encoding="UTF-8"?>
<!-- Generated by org.testng.reporters.JUnitReportReporter -->
<testsuite skipped="0" hostname="WPU5CG01088LWL" name="com.OrangeHRM.OrangeHRM_Navigations" tests="2" failures="0" timestamp="22 Feb 2021 07:07:17 GMT" time="9.724" errors="0">
  <testcase name="f" time="7.567" classname="com.OrangeHRM.OrangeHRM_Navigations"/>
  <testcase name="logOut" time="2.157" classname="com.OrangeHRM.OrangeHRM_Navigations"/>
</testsuite> <!-- com.OrangeHRM.OrangeHRM_Navigations -->
