<?xml version="1.0" encoding="UTF-8"?>
<!-- Generated by org.testng.reporters.JUnitReportReporter -->
<testsuite skipped="0" hostname="WPU5CG01088LWL" name="com.OrangeHRM_1stMarch.Scroll_To_Element_Example" tests="1" failures="0" timestamp="01 Mar 2021 07:49:49 GMT" time="20.429" errors="0">
  <testcase name="ScrollHorizontally" time="20.429" classname="com.OrangeHRM_1stMarch.Scroll_To_Element_Example"/>
</testsuite> <!-- com.OrangeHRM_1stMarch.Scroll_To_Element_Example -->
