<?xml version="1.0" encoding="UTF-8"?>
<!-- Generated by org.testng.reporters.JUnitReportReporter -->
<testsuite skipped="0" hostname="WPU5CG01088LWL" name="com.OrangeHRM_26Feb.ExtentReport" tests="2" failures="0" timestamp="26 Feb 2021 07:31:07 GMT" time="31.227" errors="0">
  <testcase name="LaunchApplication" time="4.416" classname="com.OrangeHRM_26Feb.ExtentReport"/>
  <testcase name="Sign_On" time="26.811" classname="com.OrangeHRM_26Feb.ExtentReport"/>
</testsuite> <!-- com.OrangeHRM_26Feb.ExtentReport -->
