<?xml version="1.0" encoding="UTF-8"?>
<!-- Generated by org.testng.reporters.JUnitReportReporter -->
<testsuite skipped="0" hostname="WPU5CG01088LWL" name="com.OrangeHRM.OrangeHRM_Login_TestNG" tests="1" failures="0" timestamp="19 Feb 2021 05:27:27 GMT" time="7.272" errors="0">
  <testcase name="f" time="7.272" classname="com.OrangeHRM.OrangeHRM_Login_TestNG"/>
</testsuite> <!-- com.OrangeHRM.OrangeHRM_Login_TestNG -->
