<?xml version="1.0" encoding="UTF-8"?>
<!-- Generated by org.testng.reporters.JUnitReportReporter -->
<testsuite skipped="0" hostname="WPU5CG01088LWL" name="com.OrangeHRM.OrangeHRM_create_search_delete_users" tests="4" failures="0" timestamp="23 Feb 2021 06:31:13 GMT" time="33.773" errors="0">
  <testcase name="login" time="11.846" classname="com.OrangeHRM.OrangeHRM_create_search_delete_users"/>
  <testcase name="AddUser" time="8.816" classname="com.OrangeHRM.OrangeHRM_create_search_delete_users"/>
  <testcase name="verifyAddedUser" time="4.949" classname="com.OrangeHRM.OrangeHRM_create_search_delete_users"/>
  <testcase name="SearchAddedUserAndDelete" time="8.162" classname="com.OrangeHRM.OrangeHRM_create_search_delete_users"/>
</testsuite> <!-- com.OrangeHRM.OrangeHRM_create_search_delete_users -->
