<?xml version="1.0" encoding="UTF-8"?>
<!-- Generated by org.testng.reporters.JUnitReportReporter -->
<testsuite skipped="0" hostname="WPU5CG01088LWL" name="com.OrangeHRM.OrangeHRM_Firefox" tests="3" failures="0" timestamp="22 Feb 2021 07:56:59 GMT" time="20.129" errors="0">
  <testcase name="login" time="8.891" classname="com.OrangeHRM.OrangeHRM_Firefox"/>
  <testcase name="AddUser" time="9.038" classname="com.OrangeHRM.OrangeHRM_Firefox"/>
  <testcase name="logOut" time="2.200" classname="com.OrangeHRM.OrangeHRM_Firefox"/>
</testsuite> <!-- com.OrangeHRM.OrangeHRM_Firefox -->
