<?xml version="1.0" encoding="UTF-8"?>
<!-- Generated by org.testng.reporters.JUnitReportReporter -->
<testsuite skipped="0" hostname="WPU5CG01088LWL" name="com.OrangeHRM.SmokeTestSuite" tests="1" failures="0" timestamp="24 Feb 2021 06:02:31 GMT" time="0.004" errors="0">
  <testcase name="SmokeBatchExecution" time="0.004" classname="com.OrangeHRM.SmokeTestSuite"/>
</testsuite> <!-- com.OrangeHRM.SmokeTestSuite -->
