<?xml version="1.0" encoding="UTF-8"?>
<!-- Generated by org.testng.reporters.JUnitReportReporter -->
<testsuite skipped="0" hostname="WPU5CG01088LWL" name="com.OrangeHRM_2ndMarch.Sikuli_Integration_Example" tests="1" failures="0" timestamp="02 Mar 2021 05:30:30 GMT" time="32.758" errors="0">
  <testcase name="FileUpload_UsingSikuli" time="32.758" classname="com.OrangeHRM_2ndMarch.Sikuli_Integration_Example"/>
</testsuite> <!-- com.OrangeHRM_2ndMarch.Sikuli_Integration_Example -->
