<?xml version="1.0" encoding="UTF-8"?>
<!-- Generated by org.testng.reporters.JUnitReportReporter -->
<testsuite skipped="0" hostname="WPU5CG01088LWL" name="com.OrangeHRM_1stMarch.Scroll_Down_WebPage_To_Bottom" tests="1" failures="0" timestamp="01 Mar 2021 07:43:11 GMT" time="18.108" errors="0">
  <testcase name="ByPage" time="18.108" classname="com.OrangeHRM_1stMarch.Scroll_Down_WebPage_To_Bottom"/>
</testsuite> <!-- com.OrangeHRM_1stMarch.Scroll_Down_WebPage_To_Bottom -->
