<?xml version="1.0" encoding="UTF-8"?>
<!-- Generated by org.testng.reporters.JUnitReportReporter -->
<testsuite skipped="0" hostname="WPU5CG01088LWL" name="com.OrangeHRM.OrangeHRM_Login_AllTestCaseScenarios" tests="5" failures="0" timestamp="24 Feb 2021 07:39:59 GMT" time="18.717" errors="0">
  <testcase name="LoginAllCases" time="7.649" classname="com.OrangeHRM.OrangeHRM_Login_AllTestCaseScenarios"/>
  <testcase name="LoginAllCases" time="0.174" classname="com.OrangeHRM.OrangeHRM_Login_AllTestCaseScenarios"/>
  <testcase name="LoginAllCases" time="0.907" classname="com.OrangeHRM.OrangeHRM_Login_AllTestCaseScenarios"/>
  <testcase name="LoginAllCases" time="1.288" classname="com.OrangeHRM.OrangeHRM_Login_AllTestCaseScenarios"/>
  <testcase name="LoginAllCases" time="8.699" classname="com.OrangeHRM.OrangeHRM_Login_AllTestCaseScenarios"/>
</testsuite> <!-- com.OrangeHRM.OrangeHRM_Login_AllTestCaseScenarios -->
