<?xml version="1.0" encoding="UTF-8"?>
<!-- Generated by org.testng.reporters.JUnitReportReporter -->
<testsuite skipped="0" hostname="WPU5CG01088LWL" name="com.OrangeHRM.OrangeHRM_Login_Dataprovider" tests="3" failures="0" timestamp="23 Feb 2021 07:46:06 GMT" time="59.652" errors="0">
  <testcase name="Login_Successful_Scenario" time="12.908" classname="com.OrangeHRM.OrangeHRM_Login_Dataprovider"/>
  <testcase name="Login_Successful_Scenario" time="33.672" classname="com.OrangeHRM.OrangeHRM_Login_Dataprovider"/>
  <testcase name="Login_Successful_Scenario" time="13.072" classname="com.OrangeHRM.OrangeHRM_Login_Dataprovider"/>
</testsuite> <!-- com.OrangeHRM.OrangeHRM_Login_Dataprovider -->
