<?xml version="1.0" encoding="UTF-8"?>
<!-- Generated by org.testng.reporters.JUnitReportReporter -->
<testsuite skipped="0" hostname="WPU5CG01088LWL" name="com.OrangeHRM.MobileBrowser" tests="1" failures="0" timestamp="23 Feb 2021 06:59:15 GMT" time="32.118" errors="0">
  <testcase name="login" time="32.118" classname="com.OrangeHRM.MobileBrowser"/>
</testsuite> <!-- com.OrangeHRM.MobileBrowser -->
