<?xml version="1.0" encoding="UTF-8"?>
<!-- Generated by org.testng.reporters.JUnitReportReporter -->
<testsuite skipped="0" hostname="WPU5CG01088LWL" name="com.OrangeHRM.OrangeHRM_MouseHover" tests="2" failures="0" timestamp="22 Feb 2021 06:46:53 GMT" time="13.570" errors="0">
  <testcase name="f" time="11.208" classname="com.OrangeHRM.OrangeHRM_MouseHover"/>
  <testcase name="logOut" time="2.362" classname="com.OrangeHRM.OrangeHRM_MouseHover"/>
</testsuite> <!-- com.OrangeHRM.OrangeHRM_MouseHover -->
