<?xml version="1.0" encoding="UTF-8"?>
<!-- Generated by org.testng.reporters.JUnitReportReporter -->
<testsuite skipped="0" hostname="WPU5CG01088LWL" name="com.OrangeHRM_26Feb.OrangeHRM_ReadOR_File" tests="1" failures="0" timestamp="26 Feb 2021 06:15:27 GMT" time="23.414" errors="0">
  <testcase name="Flight_Login" time="23.414" classname="com.OrangeHRM_26Feb.OrangeHRM_ReadOR_File"/>
</testsuite> <!-- com.OrangeHRM_26Feb.OrangeHRM_ReadOR_File -->
