<?xml version="1.0" encoding="UTF-8"?>
<!-- Generated by org.testng.reporters.JUnitReportReporter -->
<testsuite skipped="0" hostname="WPU5CG01088LWL" name="com.OrangeHRM.OrangeHRM_Logout_TestNG" tests="2" failures="0" timestamp="19 Feb 2021 05:51:37 GMT" time="20.159" errors="0">
  <testcase name="Login" time="8.837" classname="com.OrangeHRM.OrangeHRM_Logout_TestNG"/>
  <testcase name="logOut" time="11.322" classname="com.OrangeHRM.OrangeHRM_Logout_TestNG"/>
</testsuite> <!-- com.OrangeHRM.OrangeHRM_Logout_TestNG -->
