<?xml version="1.0" encoding="UTF-8"?>
<!-- Generated by org.testng.reporters.JUnitReportReporter -->
<testsuite skipped="0" hostname="WPU5CG01088LWL" name="com.OrangeHRM.Parallel_Thread_Example" tests="3" failures="0" timestamp="25 Feb 2021 05:27:01 GMT" time="49.146" errors="0">
  <testcase name="EdgeTest" time="14.540" classname="com.OrangeHRM.Parallel_Thread_Example"/>
  <testcase name="ChromeTest2" time="17.142" classname="com.OrangeHRM.Parallel_Thread_Example"/>
  <testcase name="ChromeTest" time="17.464" classname="com.OrangeHRM.Parallel_Thread_Example"/>
</testsuite> <!-- com.OrangeHRM.Parallel_Thread_Example -->
