<?xml version="1.0" encoding="UTF-8"?>
<!-- Generated by org.testng.reporters.JUnitReportReporter -->
<testsuite skipped="0" hostname="WPU5CG01088LWL" name="com.OrangeHRM.OrangeHRM_DragAndDrop" tests="1" failures="0" timestamp="24 Feb 2021 06:02:31 GMT" time="6.204" errors="0">
  <testcase name="Login" time="6.204" classname="com.OrangeHRM.OrangeHRM_DragAndDrop"/>
</testsuite> <!-- com.OrangeHRM.OrangeHRM_DragAndDrop -->
