<?xml version="1.0" encoding="UTF-8"?>
<!-- Generated by org.testng.reporters.JUnitReportReporter -->
<testsuite skipped="0" hostname="WPU5CG01088LWL" name="com.OrangeHRM_1stMarch.Scroll_Down_WebPage_From_Bottom_To_Top" tests="1" failures="0" timestamp="01 Mar 2021 07:54:01 GMT" time="20.422" errors="0">
  <testcase name="ByPage" time="20.422" classname="com.OrangeHRM_1stMarch.Scroll_Down_WebPage_From_Bottom_To_Top"/>
</testsuite> <!-- com.OrangeHRM_1stMarch.Scroll_Down_WebPage_From_Bottom_To_Top -->
