<?xml version="1.0" encoding="UTF-8"?>
<!-- Generated by org.testng.reporters.JUnitReportReporter -->
<testsuite skipped="0" hostname="WPU5CG01088LWL" name="com.OrangeHRM.OrangeHRM_Login_Waits" tests="2" failures="0" timestamp="19 Feb 2021 07:31:20 GMT" time="10.058" errors="0">
  <testcase name="Login" time="8.458" classname="com.OrangeHRM.OrangeHRM_Login_Waits"/>
  <testcase name="logOut" time="1.600" classname="com.OrangeHRM.OrangeHRM_Login_Waits"/>
</testsuite> <!-- com.OrangeHRM.OrangeHRM_Login_Waits -->
