<?xml version="1.0" encoding="UTF-8"?>
<!-- Generated by org.testng.reporters.JUnitReportReporter -->
<testsuite skipped="0" hostname="WPU5CG01088LWL" name="com.SingleExtentReport_Example.OrangeHRM_Login_TestNG" tests="2" failures="0" timestamp="01 Mar 2021 06:39:18 GMT" time="6.954" errors="0">
  <testcase name="OrangeHrmLogin" time="6.954" classname="com.SingleExtentReport_Example.OrangeHRM_Login_TestNG"/>
  <testcase name="TrialTest" time="0.000" classname="com.SingleExtentReport_Example.OrangeHRM_Login_TestNG"/>
</testsuite> <!-- com.SingleExtentReport_Example.OrangeHRM_Login_TestNG -->
