<?xml version="1.0" encoding="UTF-8"?>
<!-- Generated by org.testng.reporters.JUnitReportReporter -->
<testsuite skipped="0" hostname="WPU5CG01088LWL" name="com.OrangeHRM.HDFC_Login_Trial" tests="1" failures="0" timestamp="2021-03-03T13:48:02 IST" time="5.397" errors="0">
  <testcase name="beforeTest" time="5.397" classname="com.OrangeHRM.HDFC_Login_Trial"/>
  <system-out/>
</testsuite> <!-- com.OrangeHRM.HDFC_Login_Trial -->
